2021-08-05 03:51:17,088 p=2360820 u=ryan n=ansible | [WARNING]: Could not match supplied host pattern, ignoring: ping

2021-08-05 03:51:17,088 p=2360820 u=ryan n=ansible | [WARNING]: No hosts matched, nothing to do

2021-08-05 03:51:28,975 p=2361005 u=ryan n=ansible | [WARNING]: Could not match supplied host pattern, ignoring: ping

2021-08-05 03:51:28,975 p=2361005 u=ryan n=ansible | [WARNING]: No hosts matched, nothing to do

2021-08-05 03:51:28,977 p=2361005 u=ryan n=ansible | ERROR! No argument passed to command module
2021-08-05 03:52:19,763 p=2361703 u=ryan n=ansible | network_os is set to vyos
2021-08-05 03:52:19,939 p=2361642 u=ryan n=ansible | fw.holthome.net | SUCCESS => {
    "changed": false,
    "ping": "pong"
}
2021-08-05 03:52:20,079 p=2361708 u=ryan n=ansible | shutdown complete
2021-08-05 03:53:27,684 p=2362835 u=ryan n=ansible | PLAY [all] ********************************************************************************************************************************************************************************************************
2021-08-05 03:53:28,680 p=2362835 u=ryan n=ansible | TASK [Gathering Facts] ********************************************************************************************************************************************************************************************
2021-08-05 03:53:29,002 p=2362864 u=ryan n=ansible | network_os is set to vyos
2021-08-05 03:53:29,003 p=2362864 u=ryan n=ansible | [WARNING]: Ignoring timeout(10) for ansible.legacy.vyos_facts

2021-08-05 03:53:29,408 p=2362868 u=ryan n=p=2362868 u=ryan | paramiko [10.20.0.1] | Connected (version 2.0, client OpenSSH_8.4p1)
2021-08-05 03:53:29,457 p=2362868 u=ryan n=p=2362868 u=ryan | paramiko [10.20.0.1] | Auth banner: b'----------------------------------------\n|\n| This banner was generated by Ansible \n|\n----------------------------------------\n|\n| You are logged into fw.holthome.net\n| \n----------------------------------------\n|\n'
2021-08-05 03:53:29,458 p=2362868 u=ryan n=p=2362868 u=ryan | paramiko [10.20.0.1] | Authentication (password) successful!
2021-08-05 03:53:33,496 p=2362835 u=ryan n=ansible | ok: [fw.holthome.net]
2021-08-05 03:53:33,583 p=2362835 u=ryan n=ansible | TASK [cloudalchemy.node_exporter : Assert usage of systemd as an init system] *************************************************************************************************************************************
2021-08-05 03:53:33,868 p=2362835 u=ryan n=ansible | fatal: [fw.holthome.net]: FAILED! => {"msg": "The conditional check 'ansible_service_mgr == 'systemd'' failed. The error was: error while evaluating conditional (ansible_service_mgr == 'systemd'): 'ansible_service_mgr' is undefined"}
2021-08-05 03:53:33,869 p=2362835 u=ryan n=ansible | PLAY RECAP ********************************************************************************************************************************************************************************************************
2021-08-05 03:53:33,869 p=2362835 u=ryan n=ansible | fw.holthome.net            : ok=1    changed=0    unreachable=0    failed=1    skipped=0    rescued=0    ignored=0   
2021-08-05 03:54:03,846 p=2362868 u=ryan n=ansible | persistent connection idle timeout triggered, timeout value is 30 secs.
See the timeout setting options in the Network Debug and Troubleshooting Guide.
2021-08-05 03:54:03,948 p=2362868 u=ryan n=ansible | shutdown complete
2021-08-05 03:54:38,153 p=2364235 u=ryan n=ansible | PLAY [all] ********************************************************************************************************************************************************************************************************
2021-08-05 03:54:39,093 p=2364235 u=ryan n=ansible | TASK [Gathering Facts] ********************************************************************************************************************************************************************************************
2021-08-05 03:54:39,415 p=2364259 u=ryan n=ansible | network_os is set to vyos
2021-08-05 03:54:39,416 p=2364259 u=ryan n=ansible | [WARNING]: Ignoring timeout(10) for ansible.legacy.vyos_facts

2021-08-05 03:54:39,836 p=2364263 u=ryan n=p=2364263 u=ryan | paramiko [10.20.0.1] | Connected (version 2.0, client OpenSSH_8.4p1)
2021-08-05 03:54:39,885 p=2364263 u=ryan n=p=2364263 u=ryan | paramiko [10.20.0.1] | Auth banner: b'----------------------------------------\n|\n| This banner was generated by Ansible \n|\n----------------------------------------\n|\n| You are logged into fw.holthome.net\n| \n----------------------------------------\n|\n'
2021-08-05 03:54:39,885 p=2364263 u=ryan n=p=2364263 u=ryan | paramiko [10.20.0.1] | Authentication (password) successful!
2021-08-05 03:54:43,940 p=2364235 u=ryan n=ansible | ok: [fw.holthome.net]
2021-08-05 03:54:43,989 p=2364235 u=ryan n=ansible | TASK [cloudalchemy.node_exporter : Assert usage of systemd as an init system] *************************************************************************************************************************************
2021-08-05 03:54:44,275 p=2364235 u=ryan n=ansible | fatal: [fw.holthome.net]: FAILED! => {"msg": "The conditional check 'ansible_service_mgr == 'systemd'' failed. The error was: error while evaluating conditional (ansible_service_mgr == 'systemd'): 'ansible_service_mgr' is undefined"}
2021-08-05 03:54:44,276 p=2364235 u=ryan n=ansible | PLAY RECAP ********************************************************************************************************************************************************************************************************
2021-08-05 03:54:44,276 p=2364235 u=ryan n=ansible | fw.holthome.net            : ok=1    changed=0    unreachable=0    failed=1    skipped=0    rescued=0    ignored=0   
2021-08-05 03:55:14,253 p=2364263 u=ryan n=ansible | persistent connection idle timeout triggered, timeout value is 30 secs.
See the timeout setting options in the Network Debug and Troubleshooting Guide.
2021-08-05 03:55:14,354 p=2364263 u=ryan n=ansible | shutdown complete
2021-08-05 03:55:40,998 p=2365420 u=ryan n=ansible | PLAY [all] ********************************************************************************************************************************************************************************************************
2021-08-05 03:55:42,007 p=2365420 u=ryan n=ansible | TASK [Gathering Facts] ********************************************************************************************************************************************************************************************
2021-08-05 03:55:42,023 p=2365444 u=ryan n=ansible | [WARNING]: Ignoring timeout(10) for ansible.legacy.vyos_facts

2021-08-05 03:55:44,648 p=2365420 u=ryan n=ansible | fatal: [fw.holthome.net]: FAILED! => {"ansible_facts": {}, "changed": false, "failed_modules": {"ansible.legacy.vyos_facts": {"exception": "Traceback (most recent call last):\r\n  File \"/home/vyos/.ansible/tmp/ansible-tmp-1628150142.6182034-2365444-104979523903567/AnsiballZ_vyos_facts.py\", line 102, in <module>\r\n    _ansiballz_main()\r\n  File \"/home/vyos/.ansible/tmp/ansible-tmp-1628150142.6182034-2365444-104979523903567/AnsiballZ_vyos_facts.py\", line 94, in _ansiballz_main\r\n    invoke_module(zipped_mod, temp_path, ANSIBALLZ_PARAMS)\r\n  File \"/home/vyos/.ansible/tmp/ansible-tmp-1628150142.6182034-2365444-104979523903567/AnsiballZ_vyos_facts.py\", line 40, in invoke_module\r\n    runpy.run_module(mod_name='ansible_collections.vyos.vyos.plugins.modules.vyos_facts', init_globals=None, run_name='__main__', alter_sys=True)\r\n  File \"/usr/lib/python3.9/runpy.py\", line 210, in run_module\r\n    return _run_module_code(code, init_globals, run_name, mod_spec)\r\n  File \"/usr/lib/python3.9/runpy.py\", line 97, in _run_module_code\r\n    _run_code(code, mod_globals, init_globals,\r\n  File \"/usr/lib/python3.9/runpy.py\", line 87, in _run_code\r\n    exec(code, run_globals)\r\n  File \"/tmp/ansible_ansible.legacy.vyos_facts_payload_v4dvwjyq/ansible_ansible.legacy.vyos_facts_payload.zip/ansible_collections/vyos/vyos/plugins/modules/vyos_facts.py\", line 187, in <module>\r\n  File \"/tmp/ansible_ansible.legacy.vyos_facts_payload_v4dvwjyq/ansible_ansible.legacy.vyos_facts_payload.zip/ansible_collections/vyos/vyos/plugins/modules/vyos_facts.py\", line 178, in main\r\n  File \"/tmp/ansible_ansible.legacy.vyos_facts_payload_v4dvwjyq/ansible_ansible.legacy.vyos_facts_payload.zip/ansible_collections/vyos/vyos/plugins/module_utils/network/vyos/facts/facts.py\", line 112, in get_facts\r\n  File \"/tmp/ansible_ansible.legacy.vyos_facts_payload_v4dvwjyq/ansible_ansible.legacy.vyos_facts_payload.zip/ansible_collections/ansible/netcommon/plugins/module_utils/network/common/facts/facts.py\", line 162, in get_network_legacy_facts\r\n  File \"/tmp/ansible_ansible.legacy.vyos_facts_payload_v4dvwjyq/ansible_ansible.legacy.vyos_facts_payload.zip/ansible_collections/vyos/vyos/plugins/module_utils/network/vyos/facts/legacy/base.py\", line 116, in populate\r\n  File \"/tmp/ansible_ansible.legacy.vyos_facts_payload_v4dvwjyq/ansible_ansible.legacy.vyos_facts_payload.zip/ansible_collections/vyos/vyos/plugins/module_utils/network/vyos/facts/legacy/base.py\", line 34, in populate\r\n  File \"/tmp/ansible_ansible.legacy.vyos_facts_payload_v4dvwjyq/ansible_ansible.legacy.vyos_facts_payload.zip/ansible_collections/vyos/vyos/plugins/module_utils/network/vyos/vyos.py\", line 110, in run_commands\r\n  File \"/tmp/ansible_ansible.legacy.vyos_facts_payload_v4dvwjyq/ansible_ansible.legacy.vyos_facts_payload.zip/ansible_collections/vyos/vyos/plugins/module_utils/network/vyos/vyos.py\", line 69, in get_connection\r\n  File \"/tmp/ansible_ansible.legacy.vyos_facts_payload_v4dvwjyq/ansible_ansible.legacy.vyos_facts_payload.zip/ansible_collections/vyos/vyos/plugins/module_utils/network/vyos/vyos.py\", line 84, in get_capabilities\r\n  File \"/tmp/ansible_ansible.legacy.vyos_facts_payload_v4dvwjyq/ansible_ansible.legacy.vyos_facts_payload.zip/ansible/module_utils/connection.py\", line 124, in __init__\r\nAssertionError: socket_path must be a value\r\n", "failed": true, "module_stderr": "Shared connection to 10.20.0.1 closed.\r\n", "module_stdout": "Traceback (most recent call last):\r\n  File \"/home/vyos/.ansible/tmp/ansible-tmp-1628150142.6182034-2365444-104979523903567/AnsiballZ_vyos_facts.py\", line 102, in <module>\r\n    _ansiballz_main()\r\n  File \"/home/vyos/.ansible/tmp/ansible-tmp-1628150142.6182034-2365444-104979523903567/AnsiballZ_vyos_facts.py\", line 94, in _ansiballz_main\r\n    invoke_module(zipped_mod, temp_path, ANSIBALLZ_PARAMS)\r\n  File \"/home/vyos/.ansible/tmp/ansible-tmp-1628150142.6182034-2365444-104979523903567/AnsiballZ_vyos_facts.py\", line 40, in invoke_module\r\n    runpy.run_module(mod_name='ansible_collections.vyos.vyos.plugins.modules.vyos_facts', init_globals=None, run_name='__main__', alter_sys=True)\r\n  File \"/usr/lib/python3.9/runpy.py\", line 210, in run_module\r\n    return _run_module_code(code, init_globals, run_name, mod_spec)\r\n  File \"/usr/lib/python3.9/runpy.py\", line 97, in _run_module_code\r\n    _run_code(code, mod_globals, init_globals,\r\n  File \"/usr/lib/python3.9/runpy.py\", line 87, in _run_code\r\n    exec(code, run_globals)\r\n  File \"/tmp/ansible_ansible.legacy.vyos_facts_payload_v4dvwjyq/ansible_ansible.legacy.vyos_facts_payload.zip/ansible_collections/vyos/vyos/plugins/modules/vyos_facts.py\", line 187, in <module>\r\n  File \"/tmp/ansible_ansible.legacy.vyos_facts_payload_v4dvwjyq/ansible_ansible.legacy.vyos_facts_payload.zip/ansible_collections/vyos/vyos/plugins/modules/vyos_facts.py\", line 178, in main\r\n  File \"/tmp/ansible_ansible.legacy.vyos_facts_payload_v4dvwjyq/ansible_ansible.legacy.vyos_facts_payload.zip/ansible_collections/vyos/vyos/plugins/module_utils/network/vyos/facts/facts.py\", line 112, in get_facts\r\n  File \"/tmp/ansible_ansible.legacy.vyos_facts_payload_v4dvwjyq/ansible_ansible.legacy.vyos_facts_payload.zip/ansible_collections/ansible/netcommon/plugins/module_utils/network/common/facts/facts.py\", line 162, in get_network_legacy_facts\r\n  File \"/tmp/ansible_ansible.legacy.vyos_facts_payload_v4dvwjyq/ansible_ansible.legacy.vyos_facts_payload.zip/ansible_collections/vyos/vyos/plugins/module_utils/network/vyos/facts/legacy/base.py\", line 116, in populate\r\n  File \"/tmp/ansible_ansible.legacy.vyos_facts_payload_v4dvwjyq/ansible_ansible.legacy.vyos_facts_payload.zip/ansible_collections/vyos/vyos/plugins/module_utils/network/vyos/facts/legacy/base.py\", line 34, in populate\r\n  File \"/tmp/ansible_ansible.legacy.vyos_facts_payload_v4dvwjyq/ansible_ansible.legacy.vyos_facts_payload.zip/ansible_collections/vyos/vyos/plugins/module_utils/network/vyos/vyos.py\", line 110, in run_commands\r\n  File \"/tmp/ansible_ansible.legacy.vyos_facts_payload_v4dvwjyq/ansible_ansible.legacy.vyos_facts_payload.zip/ansible_collections/vyos/vyos/plugins/module_utils/network/vyos/vyos.py\", line 69, in get_connection\r\n  File \"/tmp/ansible_ansible.legacy.vyos_facts_payload_v4dvwjyq/ansible_ansible.legacy.vyos_facts_payload.zip/ansible_collections/vyos/vyos/plugins/module_utils/network/vyos/vyos.py\", line 84, in get_capabilities\r\n  File \"/tmp/ansible_ansible.legacy.vyos_facts_payload_v4dvwjyq/ansible_ansible.legacy.vyos_facts_payload.zip/ansible/module_utils/connection.py\", line 124, in __init__\r\nAssertionError: socket_path must be a value\r\n", "msg": "MODULE FAILURE\nSee stdout/stderr for the exact error", "rc": 1}}, "msg": "The following modules failed to execute: ansible.legacy.vyos_facts\n"}
2021-08-05 03:55:44,649 p=2365420 u=ryan n=ansible | PLAY RECAP ********************************************************************************************************************************************************************************************************
2021-08-05 03:55:44,649 p=2365420 u=ryan n=ansible | fw.holthome.net            : ok=0    changed=0    unreachable=0    failed=1    skipped=0    rescued=0    ignored=0   
2021-08-05 03:56:07,641 p=2366250 u=ryan n=ansible | PLAY [all] ********************************************************************************************************************************************************************************************************
2021-08-05 03:56:08,701 p=2366250 u=ryan n=ansible | TASK [Gathering Facts] ********************************************************************************************************************************************************************************************
2021-08-05 03:56:08,718 p=2366273 u=ryan n=ansible | [WARNING]: Ignoring timeout(10) for ansible.legacy.vyos_facts

2021-08-05 03:56:11,217 p=2366250 u=ryan n=ansible | fatal: [fw.holthome.net]: FAILED! => {"ansible_facts": {}, "changed": false, "failed_modules": {"ansible.legacy.vyos_facts": {"exception": "Traceback (most recent call last):\r\n  File \"/home/vyos/.ansible/tmp/ansible-tmp-1628150168.8780026-2366273-121946695944037/AnsiballZ_vyos_facts.py\", line 102, in <module>\r\n    _ansiballz_main()\r\n  File \"/home/vyos/.ansible/tmp/ansible-tmp-1628150168.8780026-2366273-121946695944037/AnsiballZ_vyos_facts.py\", line 94, in _ansiballz_main\r\n    invoke_module(zipped_mod, temp_path, ANSIBALLZ_PARAMS)\r\n  File \"/home/vyos/.ansible/tmp/ansible-tmp-1628150168.8780026-2366273-121946695944037/AnsiballZ_vyos_facts.py\", line 40, in invoke_module\r\n    runpy.run_module(mod_name='ansible_collections.vyos.vyos.plugins.modules.vyos_facts', init_globals=None, run_name='__main__', alter_sys=True)\r\n  File \"/usr/lib/python3.9/runpy.py\", line 210, in run_module\r\n    return _run_module_code(code, init_globals, run_name, mod_spec)\r\n  File \"/usr/lib/python3.9/runpy.py\", line 97, in _run_module_code\r\n    _run_code(code, mod_globals, init_globals,\r\n  File \"/usr/lib/python3.9/runpy.py\", line 87, in _run_code\r\n    exec(code, run_globals)\r\n  File \"/tmp/ansible_ansible.legacy.vyos_facts_payload_em9jnr_a/ansible_ansible.legacy.vyos_facts_payload.zip/ansible_collections/vyos/vyos/plugins/modules/vyos_facts.py\", line 187, in <module>\r\n  File \"/tmp/ansible_ansible.legacy.vyos_facts_payload_em9jnr_a/ansible_ansible.legacy.vyos_facts_payload.zip/ansible_collections/vyos/vyos/plugins/modules/vyos_facts.py\", line 178, in main\r\n  File \"/tmp/ansible_ansible.legacy.vyos_facts_payload_em9jnr_a/ansible_ansible.legacy.vyos_facts_payload.zip/ansible_collections/vyos/vyos/plugins/module_utils/network/vyos/facts/facts.py\", line 112, in get_facts\r\n  File \"/tmp/ansible_ansible.legacy.vyos_facts_payload_em9jnr_a/ansible_ansible.legacy.vyos_facts_payload.zip/ansible_collections/ansible/netcommon/plugins/module_utils/network/common/facts/facts.py\", line 162, in get_network_legacy_facts\r\n  File \"/tmp/ansible_ansible.legacy.vyos_facts_payload_em9jnr_a/ansible_ansible.legacy.vyos_facts_payload.zip/ansible_collections/vyos/vyos/plugins/module_utils/network/vyos/facts/legacy/base.py\", line 44, in populate\r\n  File \"/tmp/ansible_ansible.legacy.vyos_facts_payload_em9jnr_a/ansible_ansible.legacy.vyos_facts_payload.zip/ansible_collections/vyos/vyos/plugins/module_utils/network/vyos/facts/legacy/base.py\", line 34, in populate\r\n  File \"/tmp/ansible_ansible.legacy.vyos_facts_payload_em9jnr_a/ansible_ansible.legacy.vyos_facts_payload.zip/ansible_collections/vyos/vyos/plugins/module_utils/network/vyos/vyos.py\", line 110, in run_commands\r\n  File \"/tmp/ansible_ansible.legacy.vyos_facts_payload_em9jnr_a/ansible_ansible.legacy.vyos_facts_payload.zip/ansible_collections/vyos/vyos/plugins/module_utils/network/vyos/vyos.py\", line 69, in get_connection\r\n  File \"/tmp/ansible_ansible.legacy.vyos_facts_payload_em9jnr_a/ansible_ansible.legacy.vyos_facts_payload.zip/ansible_collections/vyos/vyos/plugins/module_utils/network/vyos/vyos.py\", line 84, in get_capabilities\r\n  File \"/tmp/ansible_ansible.legacy.vyos_facts_payload_em9jnr_a/ansible_ansible.legacy.vyos_facts_payload.zip/ansible/module_utils/connection.py\", line 124, in __init__\r\nAssertionError: socket_path must be a value\r\n", "failed": true, "module_stderr": "Shared connection to 10.20.0.1 closed.\r\n", "module_stdout": "Traceback (most recent call last):\r\n  File \"/home/vyos/.ansible/tmp/ansible-tmp-1628150168.8780026-2366273-121946695944037/AnsiballZ_vyos_facts.py\", line 102, in <module>\r\n    _ansiballz_main()\r\n  File \"/home/vyos/.ansible/tmp/ansible-tmp-1628150168.8780026-2366273-121946695944037/AnsiballZ_vyos_facts.py\", line 94, in _ansiballz_main\r\n    invoke_module(zipped_mod, temp_path, ANSIBALLZ_PARAMS)\r\n  File \"/home/vyos/.ansible/tmp/ansible-tmp-1628150168.8780026-2366273-121946695944037/AnsiballZ_vyos_facts.py\", line 40, in invoke_module\r\n    runpy.run_module(mod_name='ansible_collections.vyos.vyos.plugins.modules.vyos_facts', init_globals=None, run_name='__main__', alter_sys=True)\r\n  File \"/usr/lib/python3.9/runpy.py\", line 210, in run_module\r\n    return _run_module_code(code, init_globals, run_name, mod_spec)\r\n  File \"/usr/lib/python3.9/runpy.py\", line 97, in _run_module_code\r\n    _run_code(code, mod_globals, init_globals,\r\n  File \"/usr/lib/python3.9/runpy.py\", line 87, in _run_code\r\n    exec(code, run_globals)\r\n  File \"/tmp/ansible_ansible.legacy.vyos_facts_payload_em9jnr_a/ansible_ansible.legacy.vyos_facts_payload.zip/ansible_collections/vyos/vyos/plugins/modules/vyos_facts.py\", line 187, in <module>\r\n  File \"/tmp/ansible_ansible.legacy.vyos_facts_payload_em9jnr_a/ansible_ansible.legacy.vyos_facts_payload.zip/ansible_collections/vyos/vyos/plugins/modules/vyos_facts.py\", line 178, in main\r\n  File \"/tmp/ansible_ansible.legacy.vyos_facts_payload_em9jnr_a/ansible_ansible.legacy.vyos_facts_payload.zip/ansible_collections/vyos/vyos/plugins/module_utils/network/vyos/facts/facts.py\", line 112, in get_facts\r\n  File \"/tmp/ansible_ansible.legacy.vyos_facts_payload_em9jnr_a/ansible_ansible.legacy.vyos_facts_payload.zip/ansible_collections/ansible/netcommon/plugins/module_utils/network/common/facts/facts.py\", line 162, in get_network_legacy_facts\r\n  File \"/tmp/ansible_ansible.legacy.vyos_facts_payload_em9jnr_a/ansible_ansible.legacy.vyos_facts_payload.zip/ansible_collections/vyos/vyos/plugins/module_utils/network/vyos/facts/legacy/base.py\", line 44, in populate\r\n  File \"/tmp/ansible_ansible.legacy.vyos_facts_payload_em9jnr_a/ansible_ansible.legacy.vyos_facts_payload.zip/ansible_collections/vyos/vyos/plugins/module_utils/network/vyos/facts/legacy/base.py\", line 34, in populate\r\n  File \"/tmp/ansible_ansible.legacy.vyos_facts_payload_em9jnr_a/ansible_ansible.legacy.vyos_facts_payload.zip/ansible_collections/vyos/vyos/plugins/module_utils/network/vyos/vyos.py\", line 110, in run_commands\r\n  File \"/tmp/ansible_ansible.legacy.vyos_facts_payload_em9jnr_a/ansible_ansible.legacy.vyos_facts_payload.zip/ansible_collections/vyos/vyos/plugins/module_utils/network/vyos/vyos.py\", line 69, in get_connection\r\n  File \"/tmp/ansible_ansible.legacy.vyos_facts_payload_em9jnr_a/ansible_ansible.legacy.vyos_facts_payload.zip/ansible_collections/vyos/vyos/plugins/module_utils/network/vyos/vyos.py\", line 84, in get_capabilities\r\n  File \"/tmp/ansible_ansible.legacy.vyos_facts_payload_em9jnr_a/ansible_ansible.legacy.vyos_facts_payload.zip/ansible/module_utils/connection.py\", line 124, in __init__\r\nAssertionError: socket_path must be a value\r\n", "msg": "MODULE FAILURE\nSee stdout/stderr for the exact error", "rc": 1}}, "msg": "The following modules failed to execute: ansible.legacy.vyos_facts\n"}
2021-08-05 03:56:11,218 p=2366250 u=ryan n=ansible | PLAY RECAP ********************************************************************************************************************************************************************************************************
2021-08-05 03:56:11,218 p=2366250 u=ryan n=ansible | fw.holthome.net            : ok=0    changed=0    unreachable=0    failed=1    skipped=0    rescued=0    ignored=0   
2021-08-05 03:56:39,408 p=2367237 u=ryan n=ansible | PLAY [all] ********************************************************************************************************************************************************************************************************
2021-08-05 03:56:40,406 p=2367237 u=ryan n=ansible | TASK [Gathering Facts] ********************************************************************************************************************************************************************************************
2021-08-05 03:56:43,179 p=2367237 u=ryan n=ansible | ok: [fw.holthome.net]
2021-08-05 03:56:43,237 p=2367237 u=ryan n=ansible | TASK [cloudalchemy.node_exporter : Assert usage of systemd as an init system] *************************************************************************************************************************************
2021-08-05 03:56:43,255 p=2367237 u=ryan n=ansible | ok: [fw.holthome.net] => {
    "changed": false,
    "msg": "All assertions passed"
}
2021-08-05 03:56:43,281 p=2367237 u=ryan n=ansible | TASK [cloudalchemy.node_exporter : Get systemd version] ***********************************************************************************************************************************************************
2021-08-05 03:56:44,674 p=2367237 u=ryan n=ansible | ok: [fw.holthome.net]
2021-08-05 03:56:44,715 p=2367237 u=ryan n=ansible | TASK [cloudalchemy.node_exporter : Set systemd version fact] ******************************************************************************************************************************************************
2021-08-05 03:56:44,734 p=2367237 u=ryan n=ansible | ok: [fw.holthome.net]
2021-08-05 03:56:44,759 p=2367237 u=ryan n=ansible | TASK [cloudalchemy.node_exporter : Naive assertion of proper listen address] **************************************************************************************************************************************
2021-08-05 03:56:44,778 p=2367237 u=ryan n=ansible | ok: [fw.holthome.net] => {
    "changed": false,
    "msg": "All assertions passed"
}
2021-08-05 03:56:44,802 p=2367237 u=ryan n=ansible | TASK [cloudalchemy.node_exporter : Assert collectors are not both disabled and enabled at the same time] **********************************************************************************************************
2021-08-05 03:56:44,861 p=2367237 u=ryan n=ansible | TASK [cloudalchemy.node_exporter : Assert that TLS key and cert path are set] *************************************************************************************************************************************
2021-08-05 03:56:44,876 p=2367237 u=ryan n=ansible | skipping: [fw.holthome.net]
2021-08-05 03:56:44,901 p=2367237 u=ryan n=ansible | TASK [cloudalchemy.node_exporter : Check existence of TLS cert file] **********************************************************************************************************************************************
2021-08-05 03:56:44,918 p=2367237 u=ryan n=ansible | skipping: [fw.holthome.net]
2021-08-05 03:56:44,944 p=2367237 u=ryan n=ansible | TASK [cloudalchemy.node_exporter : Check existence of TLS key file] ***********************************************************************************************************************************************
2021-08-05 03:56:44,960 p=2367237 u=ryan n=ansible | skipping: [fw.holthome.net]
2021-08-05 03:56:44,985 p=2367237 u=ryan n=ansible | TASK [cloudalchemy.node_exporter : Assert that TLS key and cert are present] **************************************************************************************************************************************
2021-08-05 03:56:45,003 p=2367237 u=ryan n=ansible | skipping: [fw.holthome.net]
2021-08-05 03:56:45,042 p=2367237 u=ryan n=ansible | TASK [cloudalchemy.node_exporter : Check if node_exporter is installed] *******************************************************************************************************************************************
2021-08-05 03:56:46,426 p=2367237 u=ryan n=ansible | ok: [fw.holthome.net]
2021-08-05 03:56:46,449 p=2367237 u=ryan n=ansible | TASK [cloudalchemy.node_exporter : Gather currently installed node_exporter version (if any)] *********************************************************************************************************************
2021-08-05 03:56:46,466 p=2367237 u=ryan n=ansible | skipping: [fw.holthome.net]
2021-08-05 03:56:46,513 p=2367237 u=ryan n=ansible | TASK [cloudalchemy.node_exporter : Get latest release] ************************************************************************************************************************************************************
2021-08-05 03:56:46,531 p=2367237 u=ryan n=ansible | skipping: [fw.holthome.net]
2021-08-05 03:56:46,567 p=2367237 u=ryan n=ansible | TASK [cloudalchemy.node_exporter : Set node_exporter version to {{ _latest_release.json.tag_name[1:] }}] **********************************************************************************************************
2021-08-05 03:56:46,575 p=2367237 u=ryan n=ansible | skipping: [fw.holthome.net]
2021-08-05 03:56:46,602 p=2367237 u=ryan n=ansible | TASK [cloudalchemy.node_exporter : Get checksum list from github] *************************************************************************************************************************************************
2021-08-05 03:56:46,843 p=2367237 u=ryan n=ansible | ok: [fw.holthome.net]
2021-08-05 03:56:46,872 p=2367237 u=ryan n=ansible | TASK [cloudalchemy.node_exporter : Get checksum for amd64 architecture] *******************************************************************************************************************************************
2021-08-05 03:56:46,885 p=2367237 u=ryan n=ansible | skipping: [fw.holthome.net] => (item=3919266f1dbad5f7e5ce7b4207057fc253a8322f570607cc0f3e73f4a53338e3  node_exporter-1.1.2.darwin-amd64.tar.gz) 
2021-08-05 03:56:46,891 p=2367237 u=ryan n=ansible | skipping: [fw.holthome.net] => (item=5b0195e203dedd3a8973cd1894a55097554a4af6d8f4f0614c2c67d6670ea8ae  node_exporter-1.1.2.linux-386.tar.gz) 
2021-08-05 03:56:46,899 p=2367237 u=ryan n=ansible | ok: [fw.holthome.net] => (item=8c1f6a317457a658e0ae68ad710f6b4098db2cad10204649b51e3c043aa3e70d  node_exporter-1.1.2.linux-amd64.tar.gz)
2021-08-05 03:56:46,904 p=2367237 u=ryan n=ansible | skipping: [fw.holthome.net] => (item=eb5e7d16f18bb3272d0d832986fc8ac6cb0b6c42d487c94e15dabb10feae8e04  node_exporter-1.1.2.linux-arm64.tar.gz) 
2021-08-05 03:56:46,909 p=2367237 u=ryan n=ansible | skipping: [fw.holthome.net] => (item=41892e451e80160491a1cc7bbe6bccd6cb842ae8340e1bc6e32f72cefb1aee80  node_exporter-1.1.2.linux-armv5.tar.gz) 
2021-08-05 03:56:46,914 p=2367237 u=ryan n=ansible | skipping: [fw.holthome.net] => (item=1cc1bf4cacb84d6c228d9ce8045b5b00b73afd954046f7b2add428a04d14daee  node_exporter-1.1.2.linux-armv6.tar.gz) 
2021-08-05 03:56:46,920 p=2367237 u=ryan n=ansible | skipping: [fw.holthome.net] => (item=a9fe816eb7b976b1587d6d654c437f7d78349f70686fa22ae33e94fe84281af2  node_exporter-1.1.2.linux-armv7.tar.gz) 
2021-08-05 03:56:46,924 p=2367237 u=ryan n=ansible | skipping: [fw.holthome.net] => (item=a99ab2cdc62db25ff01d184e21ad433e3949cd791fc2c80b6bacc6b90d5a62c2  node_exporter-1.1.2.linux-mips.tar.gz) 
2021-08-05 03:56:46,931 p=2367237 u=ryan n=ansible | skipping: [fw.holthome.net] => (item=22d9c2a5363502c79e0645ba02eafd9561b33d1e0e819ce4df3fcf7dc96e3792  node_exporter-1.1.2.linux-mips64.tar.gz) 
2021-08-05 03:56:46,954 p=2367237 u=ryan n=ansible | skipping: [fw.holthome.net] => (item=a66b70690c3c4fff953905a041c74834f96be85a806e74a1cc925e607ef50a26  node_exporter-1.1.2.linux-mips64le.tar.gz) 
2021-08-05 03:56:46,959 p=2367237 u=ryan n=ansible | skipping: [fw.holthome.net] => (item=f7fba791cbc758b021d0e9a2400c82d1f29337e568ab00edc84b053ca467ea3c  node_exporter-1.1.2.linux-mipsle.tar.gz) 
2021-08-05 03:56:46,963 p=2367237 u=ryan n=ansible | skipping: [fw.holthome.net] => (item=294c0b05dff4f368512449de7268e3f06de679a9343e9885044adc702865080b  node_exporter-1.1.2.linux-ppc64.tar.gz) 
2021-08-05 03:56:46,968 p=2367237 u=ryan n=ansible | skipping: [fw.holthome.net] => (item=d1d201b16d757980db654bb9e448ab0c81ca4c2715243c3fa4305bef5967bd41  node_exporter-1.1.2.linux-ppc64le.tar.gz) 
2021-08-05 03:56:46,973 p=2367237 u=ryan n=ansible | skipping: [fw.holthome.net] => (item=6007420f425d08626c05de2dbe0e8bb785a16bba1b02c01cb06d37d7fab3bc97  node_exporter-1.1.2.linux-s390x.tar.gz) 
2021-08-05 03:56:46,978 p=2367237 u=ryan n=ansible | skipping: [fw.holthome.net] => (item=0596e9c1cc358e6fcc60cb83f0d1ba9a37ccee11eca035429c9791c0beb04389  node_exporter-1.1.2.netbsd-386.tar.gz) 
2021-08-05 03:56:46,982 p=2367237 u=ryan n=ansible | skipping: [fw.holthome.net] => (item=46c964efd336f0e35f62c739ce9edf5409911e7652604e411c9b684eb9c48386  node_exporter-1.1.2.netbsd-amd64.tar.gz) 
2021-08-05 03:56:46,987 p=2367237 u=ryan n=ansible | skipping: [fw.holthome.net] => (item=d81f86f57a4ed167a4062aa47f8a70b35c146c86bc8e40924c9d1fc3644ec8e6  node_exporter-1.1.2.openbsd-amd64.tar.gz) 
2021-08-05 03:56:47,031 p=2367237 u=ryan n=ansible | TASK [cloudalchemy.node_exporter : Create the node_exporter group] ************************************************************************************************************************************************
2021-08-05 03:56:48,500 p=2367237 u=ryan n=ansible | changed: [fw.holthome.net]
2021-08-05 03:56:48,524 p=2367237 u=ryan n=ansible | TASK [cloudalchemy.node_exporter : Create the node_exporter user] *************************************************************************************************************************************************
2021-08-05 03:56:50,205 p=2367237 u=ryan n=ansible | changed: [fw.holthome.net]
2021-08-05 03:56:50,231 p=2367237 u=ryan n=ansible | TASK [cloudalchemy.node_exporter : Download node_exporter binary to local folder] *********************************************************************************************************************************
2021-08-05 03:56:50,866 p=2367237 u=ryan n=ansible | changed: [fw.holthome.net]
2021-08-05 03:56:50,908 p=2367237 u=ryan n=ansible | TASK [cloudalchemy.node_exporter : Unpack node_exporter binary] ***************************************************************************************************************************************************
2021-08-05 03:56:51,700 p=2367237 u=ryan n=ansible | changed: [fw.holthome.net]
2021-08-05 03:56:51,723 p=2367237 u=ryan n=ansible | TASK [cloudalchemy.node_exporter : Propagate node_exporter binaries] **********************************************************************************************************************************************
2021-08-05 03:56:55,131 p=2367237 u=ryan n=ansible | changed: [fw.holthome.net]
2021-08-05 03:56:55,155 p=2367237 u=ryan n=ansible | TASK [cloudalchemy.node_exporter : propagate locally distributed node_exporter binary] ****************************************************************************************************************************
2021-08-05 03:56:55,170 p=2367237 u=ryan n=ansible | skipping: [fw.holthome.net]
2021-08-05 03:56:55,210 p=2367237 u=ryan n=ansible | TASK [cloudalchemy.node_exporter : Install selinux python packages [RHEL]] ****************************************************************************************************************************************
2021-08-05 03:56:55,219 p=2367237 u=ryan n=ansible | skipping: [fw.holthome.net]
2021-08-05 03:56:55,244 p=2367237 u=ryan n=ansible | TASK [cloudalchemy.node_exporter : Install selinux python packages [Fedora]] **************************************************************************************************************************************
2021-08-05 03:56:55,253 p=2367237 u=ryan n=ansible | skipping: [fw.holthome.net]
2021-08-05 03:56:55,280 p=2367237 u=ryan n=ansible | TASK [cloudalchemy.node_exporter : Install selinux python packages [clearlinux]] **********************************************************************************************************************************
2021-08-05 03:56:55,291 p=2367237 u=ryan n=ansible | skipping: [fw.holthome.net]
2021-08-05 03:56:55,318 p=2367237 u=ryan n=ansible | TASK [cloudalchemy.node_exporter : Copy the node_exporter systemd service file] ***********************************************************************************************************************************
2021-08-05 03:56:57,861 p=2367237 u=ryan n=ansible | changed: [fw.holthome.net]
2021-08-05 03:56:57,882 p=2367237 u=ryan n=ansible | TASK [cloudalchemy.node_exporter : Create node_exporter config directory] *****************************************************************************************************************************************
2021-08-05 03:56:57,891 p=2367237 u=ryan n=ansible | skipping: [fw.holthome.net]
2021-08-05 03:56:57,928 p=2367237 u=ryan n=ansible | TASK [cloudalchemy.node_exporter : Copy the node_exporter config file] ********************************************************************************************************************************************
2021-08-05 03:56:57,937 p=2367237 u=ryan n=ansible | skipping: [fw.holthome.net]
2021-08-05 03:56:57,959 p=2367237 u=ryan n=ansible | TASK [cloudalchemy.node_exporter : Create textfile collector dir] *************************************************************************************************************************************************
2021-08-05 03:56:59,597 p=2367237 u=ryan n=ansible | changed: [fw.holthome.net]
2021-08-05 03:56:59,619 p=2367237 u=ryan n=ansible | TASK [cloudalchemy.node_exporter : Allow node_exporter port in SELinux on RedHat OS family] ***********************************************************************************************************************
2021-08-05 03:56:59,629 p=2367237 u=ryan n=ansible | skipping: [fw.holthome.net]
2021-08-05 03:56:59,662 p=2367237 u=ryan n=ansible | TASK [cloudalchemy.node_exporter : Ensure Node Exporter is enabled on boot] ***************************************************************************************************************************************
2021-08-05 03:57:02,289 p=2367237 u=ryan n=ansible | changed: [fw.holthome.net]
2021-08-05 03:57:02,339 p=2367237 u=ryan n=ansible | RUNNING HANDLER [cloudalchemy.node_exporter : restart node_exporter] **********************************************************************************************************************************************
2021-08-05 03:57:04,580 p=2367237 u=ryan n=ansible | changed: [fw.holthome.net]
2021-08-05 03:57:04,609 p=2367237 u=ryan n=ansible | PLAY RECAP ********************************************************************************************************************************************************************************************************
2021-08-05 03:57:04,610 p=2367237 u=ryan n=ansible | fw.holthome.net            : ok=17   changed=9    unreachable=0    failed=0    skipped=15   rescued=0    ignored=0   
2021-08-05 03:57:40,188 p=2373930 u=ryan n=ansible | PLAY [all] ********************************************************************************************************************************************************************************************************
2021-08-05 03:57:41,205 p=2373930 u=ryan n=ansible | TASK [Gathering Facts] ********************************************************************************************************************************************************************************************
2021-08-05 03:57:43,836 p=2373930 u=ryan n=ansible | ok: [fw.holthome.net]
2021-08-05 03:57:43,892 p=2373930 u=ryan n=ansible | TASK [cloudalchemy.node_exporter : Assert usage of systemd as an init system] *************************************************************************************************************************************
2021-08-05 03:57:43,912 p=2373930 u=ryan n=ansible | ok: [fw.holthome.net] => {
    "changed": false,
    "msg": "All assertions passed"
}
2021-08-05 03:57:43,935 p=2373930 u=ryan n=ansible | TASK [cloudalchemy.node_exporter : Get systemd version] ***********************************************************************************************************************************************************
2021-08-05 03:57:45,367 p=2373930 u=ryan n=ansible | ok: [fw.holthome.net]
2021-08-05 03:57:45,408 p=2373930 u=ryan n=ansible | TASK [cloudalchemy.node_exporter : Set systemd version fact] ******************************************************************************************************************************************************
2021-08-05 03:57:45,427 p=2373930 u=ryan n=ansible | ok: [fw.holthome.net]
2021-08-05 03:57:45,451 p=2373930 u=ryan n=ansible | TASK [cloudalchemy.node_exporter : Naive assertion of proper listen address] **************************************************************************************************************************************
2021-08-05 03:57:45,471 p=2373930 u=ryan n=ansible | ok: [fw.holthome.net] => {
    "changed": false,
    "msg": "All assertions passed"
}
2021-08-05 03:57:45,494 p=2373930 u=ryan n=ansible | TASK [cloudalchemy.node_exporter : Assert collectors are not both disabled and enabled at the same time] **********************************************************************************************************
2021-08-05 03:57:45,534 p=2373930 u=ryan n=ansible | TASK [cloudalchemy.node_exporter : Assert that TLS key and cert path are set] *************************************************************************************************************************************
2021-08-05 03:57:45,574 p=2373930 u=ryan n=ansible | skipping: [fw.holthome.net]
2021-08-05 03:57:45,599 p=2373930 u=ryan n=ansible | TASK [cloudalchemy.node_exporter : Check existence of TLS cert file] **********************************************************************************************************************************************
2021-08-05 03:57:45,615 p=2373930 u=ryan n=ansible | skipping: [fw.holthome.net]
2021-08-05 03:57:45,640 p=2373930 u=ryan n=ansible | TASK [cloudalchemy.node_exporter : Check existence of TLS key file] ***********************************************************************************************************************************************
2021-08-05 03:57:45,658 p=2373930 u=ryan n=ansible | skipping: [fw.holthome.net]
2021-08-05 03:57:45,684 p=2373930 u=ryan n=ansible | TASK [cloudalchemy.node_exporter : Assert that TLS key and cert are present] **************************************************************************************************************************************
2021-08-05 03:57:45,701 p=2373930 u=ryan n=ansible | skipping: [fw.holthome.net]
2021-08-05 03:57:45,738 p=2373930 u=ryan n=ansible | TASK [cloudalchemy.node_exporter : Check if node_exporter is installed] *******************************************************************************************************************************************
2021-08-05 03:57:47,218 p=2373930 u=ryan n=ansible | ok: [fw.holthome.net]
2021-08-05 03:57:47,240 p=2373930 u=ryan n=ansible | TASK [cloudalchemy.node_exporter : Gather currently installed node_exporter version (if any)] *********************************************************************************************************************
2021-08-05 03:57:48,572 p=2373930 u=ryan n=ansible | ok: [fw.holthome.net]
2021-08-05 03:57:48,598 p=2373930 u=ryan n=ansible | TASK [cloudalchemy.node_exporter : Get latest release] ************************************************************************************************************************************************************
2021-08-05 03:57:48,616 p=2373930 u=ryan n=ansible | skipping: [fw.holthome.net]
2021-08-05 03:57:48,653 p=2373930 u=ryan n=ansible | TASK [cloudalchemy.node_exporter : Set node_exporter version to {{ _latest_release.json.tag_name[1:] }}] **********************************************************************************************************
2021-08-05 03:57:48,661 p=2373930 u=ryan n=ansible | skipping: [fw.holthome.net]
2021-08-05 03:57:48,698 p=2373930 u=ryan n=ansible | TASK [cloudalchemy.node_exporter : Get checksum list from github] *************************************************************************************************************************************************
2021-08-05 03:57:48,943 p=2373930 u=ryan n=ansible | ok: [fw.holthome.net]
2021-08-05 03:57:48,972 p=2373930 u=ryan n=ansible | TASK [cloudalchemy.node_exporter : Get checksum for amd64 architecture] *******************************************************************************************************************************************
2021-08-05 03:57:48,989 p=2373930 u=ryan n=ansible | skipping: [fw.holthome.net] => (item=92b135553b1908e11ca7b8a0d181ca357a967eedc7b3c09abcf5b2b4343678a1  node_exporter-1.2.0.darwin-amd64.tar.gz) 
2021-08-05 03:57:48,993 p=2373930 u=ryan n=ansible | skipping: [fw.holthome.net] => (item=fe0ee3bb4e097ac3c0d21bd79f3883d179010b3b7015cc603f1015ee0cdb0d95  node_exporter-1.2.0.darwin-arm64.tar.gz) 
2021-08-05 03:57:48,999 p=2373930 u=ryan n=ansible | skipping: [fw.holthome.net] => (item=8a0bed6fdde0a447dca1da3239aeef09a25ab6added973102b198eaa3044296d  node_exporter-1.2.0.linux-386.tar.gz) 
2021-08-05 03:57:49,010 p=2373930 u=ryan n=ansible | ok: [fw.holthome.net] => (item=f7ef26fb10d143dc4211281d7a2e8b13c4fe1bd0d7abbdff6735a6efdb4b5e56  node_exporter-1.2.0.linux-amd64.tar.gz)
2021-08-05 03:57:49,016 p=2373930 u=ryan n=ansible | skipping: [fw.holthome.net] => (item=446503c6bda994e2b3d9a3210738f8b0a071f4dddc3847084c2f545c51e48eb3  node_exporter-1.2.0.linux-arm64.tar.gz) 
2021-08-05 03:57:49,023 p=2373930 u=ryan n=ansible | skipping: [fw.holthome.net] => (item=5f1d18824592973063a424fc3625cf0d491809c8ceaed7091374371d96b3c56d  node_exporter-1.2.0.linux-armv5.tar.gz) 
2021-08-05 03:57:49,028 p=2373930 u=ryan n=ansible | skipping: [fw.holthome.net] => (item=a8f6e8f10067f18b28541611e5ee64800eee1798217f3f27917c5868b1a8e87e  node_exporter-1.2.0.linux-armv6.tar.gz) 
2021-08-05 03:57:49,033 p=2373930 u=ryan n=ansible | skipping: [fw.holthome.net] => (item=f6df37dfe2636862cba0b7bb8e40a14f541631e10cf36863480b996afad5cfd0  node_exporter-1.2.0.linux-armv7.tar.gz) 
2021-08-05 03:57:49,038 p=2373930 u=ryan n=ansible | skipping: [fw.holthome.net] => (item=8164b256baea6f43637d239e65643907f7c6ba6e46b31e9907ceaf2c31c06edf  node_exporter-1.2.0.linux-mips.tar.gz) 
2021-08-05 03:57:49,044 p=2373930 u=ryan n=ansible | skipping: [fw.holthome.net] => (item=48f2387709f2a8c14166e1442b07913c9953a8289cfc9b94c0758a2a16c8cd85  node_exporter-1.2.0.linux-mips64.tar.gz) 
2021-08-05 03:57:49,050 p=2373930 u=ryan n=ansible | skipping: [fw.holthome.net] => (item=0402ca8b32ffd88d246ef9b9be6edfc2be70ddd58b1bf1971d5f471fd9e97aee  node_exporter-1.2.0.linux-mips64le.tar.gz) 
2021-08-05 03:57:49,055 p=2373930 u=ryan n=ansible | skipping: [fw.holthome.net] => (item=a427a8502b82e1cd9724d2bb1c1cf8e3c815ea428b432cc5bb5e28456d540d0e  node_exporter-1.2.0.linux-mipsle.tar.gz) 
2021-08-05 03:57:49,060 p=2373930 u=ryan n=ansible | skipping: [fw.holthome.net] => (item=710113a6b3c240478ec46c7aaa025fdc1306a2e9621576b5d2b46ed8b67f0326  node_exporter-1.2.0.linux-ppc64.tar.gz) 
2021-08-05 03:57:49,067 p=2373930 u=ryan n=ansible | skipping: [fw.holthome.net] => (item=6a9871d328947b9c127bec90dbf7562b04f5908abf2ad2492603098de7a427b2  node_exporter-1.2.0.linux-ppc64le.tar.gz) 
2021-08-05 03:57:49,072 p=2373930 u=ryan n=ansible | skipping: [fw.holthome.net] => (item=558fc2eb43097ca2aa4be91d2e362c1fbd3cb4ae3c6e7f0282633279dd45a44d  node_exporter-1.2.0.linux-s390x.tar.gz) 
2021-08-05 03:57:49,077 p=2373930 u=ryan n=ansible | skipping: [fw.holthome.net] => (item=f665e92fcf6069d60baba40b1e9de787c48b5e95a736215869458836e7d53027  node_exporter-1.2.0.netbsd-386.tar.gz) 
2021-08-05 03:57:49,085 p=2373930 u=ryan n=ansible | skipping: [fw.holthome.net] => (item=cd0aad99477f74bd4656cfb6857d6c155cb042fada5e8e7b62c966f3ea0e2b90  node_exporter-1.2.0.netbsd-amd64.tar.gz) 
2021-08-05 03:57:49,089 p=2373930 u=ryan n=ansible | skipping: [fw.holthome.net] => (item=04c3e962415966207395a9adcd25b4db36b534f138e39ffacdc82028e3eb4181  node_exporter-1.2.0.openbsd-amd64.tar.gz) 
2021-08-05 03:57:49,116 p=2373930 u=ryan n=ansible | TASK [cloudalchemy.node_exporter : Create the node_exporter group] ************************************************************************************************************************************************
2021-08-05 03:57:50,527 p=2373930 u=ryan n=ansible | ok: [fw.holthome.net]
2021-08-05 03:57:50,564 p=2373930 u=ryan n=ansible | TASK [cloudalchemy.node_exporter : Create the node_exporter user] *************************************************************************************************************************************************
2021-08-05 03:57:52,131 p=2373930 u=ryan n=ansible | ok: [fw.holthome.net]
2021-08-05 03:57:52,157 p=2373930 u=ryan n=ansible | TASK [cloudalchemy.node_exporter : Download node_exporter binary to local folder] *********************************************************************************************************************************
2021-08-05 03:57:52,805 p=2373930 u=ryan n=ansible | changed: [fw.holthome.net]
2021-08-05 03:57:52,830 p=2373930 u=ryan n=ansible | TASK [cloudalchemy.node_exporter : Unpack node_exporter binary] ***************************************************************************************************************************************************
2021-08-05 03:57:53,612 p=2373930 u=ryan n=ansible | changed: [fw.holthome.net]
2021-08-05 03:57:53,636 p=2373930 u=ryan n=ansible | TASK [cloudalchemy.node_exporter : Propagate node_exporter binaries] **********************************************************************************************************************************************
2021-08-05 03:57:57,258 p=2373930 u=ryan n=ansible | changed: [fw.holthome.net]
2021-08-05 03:57:57,318 p=2373930 u=ryan n=ansible | TASK [cloudalchemy.node_exporter : propagate locally distributed node_exporter binary] ****************************************************************************************************************************
2021-08-05 03:57:57,339 p=2373930 u=ryan n=ansible | skipping: [fw.holthome.net]
2021-08-05 03:57:57,376 p=2373930 u=ryan n=ansible | TASK [cloudalchemy.node_exporter : Install selinux python packages [RHEL]] ****************************************************************************************************************************************
2021-08-05 03:57:57,391 p=2373930 u=ryan n=ansible | skipping: [fw.holthome.net]
2021-08-05 03:57:57,425 p=2373930 u=ryan n=ansible | TASK [cloudalchemy.node_exporter : Install selinux python packages [Fedora]] **************************************************************************************************************************************
2021-08-05 03:57:57,436 p=2373930 u=ryan n=ansible | skipping: [fw.holthome.net]
2021-08-05 03:57:57,470 p=2373930 u=ryan n=ansible | TASK [cloudalchemy.node_exporter : Install selinux python packages [clearlinux]] **********************************************************************************************************************************
2021-08-05 03:57:57,485 p=2373930 u=ryan n=ansible | skipping: [fw.holthome.net]
2021-08-05 03:57:57,544 p=2373930 u=ryan n=ansible | TASK [cloudalchemy.node_exporter : Copy the node_exporter systemd service file] ***********************************************************************************************************************************
2021-08-05 03:57:59,926 p=2373930 u=ryan n=ansible | ok: [fw.holthome.net]
2021-08-05 03:57:59,958 p=2373930 u=ryan n=ansible | TASK [cloudalchemy.node_exporter : Create node_exporter config directory] *****************************************************************************************************************************************
2021-08-05 03:57:59,967 p=2373930 u=ryan n=ansible | skipping: [fw.holthome.net]
2021-08-05 03:57:59,989 p=2373930 u=ryan n=ansible | TASK [cloudalchemy.node_exporter : Copy the node_exporter config file] ********************************************************************************************************************************************
2021-08-05 03:57:59,997 p=2373930 u=ryan n=ansible | skipping: [fw.holthome.net]
2021-08-05 03:58:00,019 p=2373930 u=ryan n=ansible | TASK [cloudalchemy.node_exporter : Create textfile collector dir] *************************************************************************************************************************************************
2021-08-05 03:58:01,556 p=2373930 u=ryan n=ansible | ok: [fw.holthome.net]
2021-08-05 03:58:01,617 p=2373930 u=ryan n=ansible | TASK [cloudalchemy.node_exporter : Allow node_exporter port in SELinux on RedHat OS family] ***********************************************************************************************************************
2021-08-05 03:58:01,633 p=2373930 u=ryan n=ansible | skipping: [fw.holthome.net]
2021-08-05 03:58:01,661 p=2373930 u=ryan n=ansible | TASK [cloudalchemy.node_exporter : Ensure Node Exporter is enabled on boot] ***************************************************************************************************************************************
2021-08-05 03:58:03,900 p=2373930 u=ryan n=ansible | ok: [fw.holthome.net]
2021-08-05 03:58:03,922 p=2373930 u=ryan n=ansible | RUNNING HANDLER [cloudalchemy.node_exporter : restart node_exporter] **********************************************************************************************************************************************
2021-08-05 03:58:05,963 p=2373930 u=ryan n=ansible | changed: [fw.holthome.net]
2021-08-05 03:58:05,988 p=2373930 u=ryan n=ansible | PLAY RECAP ********************************************************************************************************************************************************************************************************
2021-08-05 03:58:05,988 p=2373930 u=ryan n=ansible | fw.holthome.net            : ok=18   changed=4    unreachable=0    failed=0    skipped=14   rescued=0    ignored=0   
2021-08-05 04:07:32,332 p=2395039 u=ryan n=ansible | PLAY [all] ********************************************************************************************************************************************************************************************************
2021-08-05 04:07:33,357 p=2395039 u=ryan n=ansible | TASK [Gathering Facts] ********************************************************************************************************************************************************************************************
2021-08-05 04:07:35,936 p=2395039 u=ryan n=ansible | ok: [fw.holthome.net]
2021-08-05 04:07:35,991 p=2395039 u=ryan n=ansible | TASK [cloudalchemy.node_exporter : Assert usage of systemd as an init system] *************************************************************************************************************************************
2021-08-05 04:07:36,010 p=2395039 u=ryan n=ansible | ok: [fw.holthome.net] => {
    "changed": false,
    "msg": "All assertions passed"
}
2021-08-05 04:07:36,035 p=2395039 u=ryan n=ansible | TASK [cloudalchemy.node_exporter : Get systemd version] ***********************************************************************************************************************************************************
2021-08-05 04:07:37,458 p=2395039 u=ryan n=ansible | ok: [fw.holthome.net]
2021-08-05 04:07:37,497 p=2395039 u=ryan n=ansible | TASK [cloudalchemy.node_exporter : Set systemd version fact] ******************************************************************************************************************************************************
2021-08-05 04:07:37,517 p=2395039 u=ryan n=ansible | ok: [fw.holthome.net]
2021-08-05 04:07:37,540 p=2395039 u=ryan n=ansible | TASK [cloudalchemy.node_exporter : Naive assertion of proper listen address] **************************************************************************************************************************************
2021-08-05 04:07:37,561 p=2395039 u=ryan n=ansible | ok: [fw.holthome.net] => {
    "changed": false,
    "msg": "All assertions passed"
}
2021-08-05 04:07:37,588 p=2395039 u=ryan n=ansible | TASK [cloudalchemy.node_exporter : Assert collectors are not both disabled and enabled at the same time] **********************************************************************************************************
2021-08-05 04:07:37,632 p=2395039 u=ryan n=ansible | TASK [cloudalchemy.node_exporter : Assert that TLS key and cert path are set] *************************************************************************************************************************************
2021-08-05 04:07:37,651 p=2395039 u=ryan n=ansible | skipping: [fw.holthome.net]
2021-08-05 04:07:37,695 p=2395039 u=ryan n=ansible | TASK [cloudalchemy.node_exporter : Check existence of TLS cert file] **********************************************************************************************************************************************
2021-08-05 04:07:37,714 p=2395039 u=ryan n=ansible | skipping: [fw.holthome.net]
2021-08-05 04:07:37,737 p=2395039 u=ryan n=ansible | TASK [cloudalchemy.node_exporter : Check existence of TLS key file] ***********************************************************************************************************************************************
2021-08-05 04:07:37,755 p=2395039 u=ryan n=ansible | skipping: [fw.holthome.net]
2021-08-05 04:07:37,778 p=2395039 u=ryan n=ansible | TASK [cloudalchemy.node_exporter : Assert that TLS key and cert are present] **************************************************************************************************************************************
2021-08-05 04:07:37,796 p=2395039 u=ryan n=ansible | skipping: [fw.holthome.net]
2021-08-05 04:07:37,832 p=2395039 u=ryan n=ansible | TASK [cloudalchemy.node_exporter : Check if node_exporter is installed] *******************************************************************************************************************************************
2021-08-05 04:07:39,246 p=2395039 u=ryan n=ansible | ok: [fw.holthome.net]
2021-08-05 04:07:39,268 p=2395039 u=ryan n=ansible | TASK [cloudalchemy.node_exporter : Gather currently installed node_exporter version (if any)] *********************************************************************************************************************
2021-08-05 04:07:40,638 p=2395039 u=ryan n=ansible | ok: [fw.holthome.net]
2021-08-05 04:07:40,663 p=2395039 u=ryan n=ansible | TASK [cloudalchemy.node_exporter : Get latest release] ************************************************************************************************************************************************************
2021-08-05 04:07:40,681 p=2395039 u=ryan n=ansible | skipping: [fw.holthome.net]
2021-08-05 04:07:40,718 p=2395039 u=ryan n=ansible | TASK [cloudalchemy.node_exporter : Set node_exporter version to {{ _latest_release.json.tag_name[1:] }}] **********************************************************************************************************
2021-08-05 04:07:40,726 p=2395039 u=ryan n=ansible | skipping: [fw.holthome.net]
2021-08-05 04:07:40,753 p=2395039 u=ryan n=ansible | TASK [cloudalchemy.node_exporter : Get checksum list from github] *************************************************************************************************************************************************
2021-08-05 04:07:40,984 p=2395039 u=ryan n=ansible | ok: [fw.holthome.net]
2021-08-05 04:07:41,024 p=2395039 u=ryan n=ansible | TASK [cloudalchemy.node_exporter : Get checksum for amd64 architecture] *******************************************************************************************************************************************
2021-08-05 04:07:41,039 p=2395039 u=ryan n=ansible | skipping: [fw.holthome.net] => (item=92b135553b1908e11ca7b8a0d181ca357a967eedc7b3c09abcf5b2b4343678a1  node_exporter-1.2.0.darwin-amd64.tar.gz) 
2021-08-05 04:07:41,043 p=2395039 u=ryan n=ansible | skipping: [fw.holthome.net] => (item=fe0ee3bb4e097ac3c0d21bd79f3883d179010b3b7015cc603f1015ee0cdb0d95  node_exporter-1.2.0.darwin-arm64.tar.gz) 
2021-08-05 04:07:41,048 p=2395039 u=ryan n=ansible | skipping: [fw.holthome.net] => (item=8a0bed6fdde0a447dca1da3239aeef09a25ab6added973102b198eaa3044296d  node_exporter-1.2.0.linux-386.tar.gz) 
2021-08-05 04:07:41,057 p=2395039 u=ryan n=ansible | ok: [fw.holthome.net] => (item=f7ef26fb10d143dc4211281d7a2e8b13c4fe1bd0d7abbdff6735a6efdb4b5e56  node_exporter-1.2.0.linux-amd64.tar.gz)
2021-08-05 04:07:41,061 p=2395039 u=ryan n=ansible | skipping: [fw.holthome.net] => (item=446503c6bda994e2b3d9a3210738f8b0a071f4dddc3847084c2f545c51e48eb3  node_exporter-1.2.0.linux-arm64.tar.gz) 
2021-08-05 04:07:41,068 p=2395039 u=ryan n=ansible | skipping: [fw.holthome.net] => (item=5f1d18824592973063a424fc3625cf0d491809c8ceaed7091374371d96b3c56d  node_exporter-1.2.0.linux-armv5.tar.gz) 
2021-08-05 04:07:41,073 p=2395039 u=ryan n=ansible | skipping: [fw.holthome.net] => (item=a8f6e8f10067f18b28541611e5ee64800eee1798217f3f27917c5868b1a8e87e  node_exporter-1.2.0.linux-armv6.tar.gz) 
2021-08-05 04:07:41,081 p=2395039 u=ryan n=ansible | skipping: [fw.holthome.net] => (item=f6df37dfe2636862cba0b7bb8e40a14f541631e10cf36863480b996afad5cfd0  node_exporter-1.2.0.linux-armv7.tar.gz) 
2021-08-05 04:07:41,081 p=2395039 u=ryan n=ansible | skipping: [fw.holthome.net] => (item=8164b256baea6f43637d239e65643907f7c6ba6e46b31e9907ceaf2c31c06edf  node_exporter-1.2.0.linux-mips.tar.gz) 
2021-08-05 04:07:41,086 p=2395039 u=ryan n=ansible | skipping: [fw.holthome.net] => (item=48f2387709f2a8c14166e1442b07913c9953a8289cfc9b94c0758a2a16c8cd85  node_exporter-1.2.0.linux-mips64.tar.gz) 
2021-08-05 04:07:41,093 p=2395039 u=ryan n=ansible | skipping: [fw.holthome.net] => (item=0402ca8b32ffd88d246ef9b9be6edfc2be70ddd58b1bf1971d5f471fd9e97aee  node_exporter-1.2.0.linux-mips64le.tar.gz) 
2021-08-05 04:07:41,098 p=2395039 u=ryan n=ansible | skipping: [fw.holthome.net] => (item=a427a8502b82e1cd9724d2bb1c1cf8e3c815ea428b432cc5bb5e28456d540d0e  node_exporter-1.2.0.linux-mipsle.tar.gz) 
2021-08-05 04:07:41,105 p=2395039 u=ryan n=ansible | skipping: [fw.holthome.net] => (item=710113a6b3c240478ec46c7aaa025fdc1306a2e9621576b5d2b46ed8b67f0326  node_exporter-1.2.0.linux-ppc64.tar.gz) 
2021-08-05 04:07:41,111 p=2395039 u=ryan n=ansible | skipping: [fw.holthome.net] => (item=6a9871d328947b9c127bec90dbf7562b04f5908abf2ad2492603098de7a427b2  node_exporter-1.2.0.linux-ppc64le.tar.gz) 
2021-08-05 04:07:41,116 p=2395039 u=ryan n=ansible | skipping: [fw.holthome.net] => (item=558fc2eb43097ca2aa4be91d2e362c1fbd3cb4ae3c6e7f0282633279dd45a44d  node_exporter-1.2.0.linux-s390x.tar.gz) 
2021-08-05 04:07:41,121 p=2395039 u=ryan n=ansible | skipping: [fw.holthome.net] => (item=f665e92fcf6069d60baba40b1e9de787c48b5e95a736215869458836e7d53027  node_exporter-1.2.0.netbsd-386.tar.gz) 
2021-08-05 04:07:41,128 p=2395039 u=ryan n=ansible | skipping: [fw.holthome.net] => (item=cd0aad99477f74bd4656cfb6857d6c155cb042fada5e8e7b62c966f3ea0e2b90  node_exporter-1.2.0.netbsd-amd64.tar.gz) 
2021-08-05 04:07:41,133 p=2395039 u=ryan n=ansible | skipping: [fw.holthome.net] => (item=04c3e962415966207395a9adcd25b4db36b534f138e39ffacdc82028e3eb4181  node_exporter-1.2.0.openbsd-amd64.tar.gz) 
2021-08-05 04:07:41,160 p=2395039 u=ryan n=ansible | TASK [cloudalchemy.node_exporter : Create the node_exporter group] ************************************************************************************************************************************************
2021-08-05 04:07:41,172 p=2395039 u=ryan n=ansible | fatal: [fw.holthome.net]: FAILED! => {"msg": "The conditional check '( not __node_exporter_is_installed.stat.exists ) or ( __node_exporter_current_version_output.stderr_lines[0].split(\" \")[2] != node_exporter_version ) or ( node_exporter_binary_local_dir | length > 0 )' failed. The error was: error while evaluating conditional (( not __node_exporter_is_installed.stat.exists ) or ( __node_exporter_current_version_output.stderr_lines[0].split(\" \")[2] != node_exporter_version ) or ( node_exporter_binary_local_dir | length > 0 )): list object has no element 0\n\nThe error appears to be in '/home/ryan/.ansible/roles/cloudalchemy.node_exporter/tasks/install.yml': line 2, column 3, but may\nbe elsewhere in the file depending on the exact syntax problem.\n\nThe offending line appears to be:\n\n---\n- name: Create the node_exporter group\n  ^ here\n"}
2021-08-05 04:07:41,173 p=2395039 u=ryan n=ansible | PLAY RECAP ********************************************************************************************************************************************************************************************************
2021-08-05 04:07:41,173 p=2395039 u=ryan n=ansible | fw.holthome.net            : ok=9    changed=0    unreachable=0    failed=1    skipped=7    rescued=0    ignored=0   
